
** ArgonMD **

 Box Units : 5
 No. Time Steps : 100000
 Initial Temp [K] : 80.0  
 Neigh Update Freq : 20
 Thermo Print Freq : 1000
 Coord Dump Freq : 1000

 Time Step [ps] : 0.001
 Cutoff Dist [Ang] : 8.760
 Cell Par [Ang] : 5.795
 Box Length [Ang] : 28.975 
 No. Atoms : 500

      Step    Time[ps]   Temp[K]      Ekin[eV]      Epot[eV]      Etot[eV]    Clock[s]
         0       0.000    80.000  +0.010320130  -0.072045884  -0.061725754       0.000
      1000       1.000    42.644  +0.005501114  -0.067414197  -0.061913083       0.526
      2000       2.000    42.745  +0.005514191  -0.067444483  -0.061930292       1.104
      3000       3.000    45.314  +0.005845547  -0.067749369  -0.061903823       1.646
      4000       4.000    43.120  +0.005562585  -0.067466734  -0.061904149       2.178
      5000       5.000    43.009  +0.005548225  -0.067455693  -0.061907468       2.705
      6000       6.000    39.988  +0.005158476  -0.067096059  -0.061937583       3.251
      7000       7.000    42.502  +0.005482884  -0.067390022  -0.061907138       3.790
      8000       8.000    41.706  +0.005380103  -0.067316356  -0.061936253       4.326
      9000       9.000    42.069  +0.005426936  -0.067354900  -0.061927965       4.858
     10000      10.000    42.430  +0.005473516  -0.067402147  -0.061928631       5.384
     11000      11.000    42.776  +0.005518221  -0.067449174  -0.061930953       5.912
     12000      12.000    42.847  +0.005527351  -0.067428184  -0.061900833       6.441
     13000      13.000    42.820  +0.005523818  -0.067441195  -0.061917377       6.967
     14000      14.000    45.176  +0.005827726  -0.067724584  -0.061896859       7.494
     15000      15.000    41.944  +0.005410818  -0.067324883  -0.061914065       8.021
     16000      16.000    44.107  +0.005689856  -0.067604254  -0.061914398       8.557
     17000      17.000    44.322  +0.005717597  -0.067621739  -0.061904142       9.103
     18000      18.000    43.155  +0.005567079  -0.067474523  -0.061907444       9.641
     19000      19.000    42.246  +0.005449741  -0.067364801  -0.061915059      10.180
     20000      20.000    43.782  +0.005648012  -0.067545864  -0.061897852      10.716
     21000      21.000    43.225  +0.005576130  -0.067486221  -0.061910091      11.252
     22000      22.000    41.794  +0.005391478  -0.067322417  -0.061930939      11.784
     23000      23.000    42.124  +0.005434041  -0.067346126  -0.061912085      12.321
     24000      24.000    42.618  +0.005497798  -0.067411536  -0.061913738      12.866
     25000      25.000    42.672  +0.005504714  -0.067403906  -0.061899192      13.418
     26000      26.000    45.134  +0.005822309  -0.067720829  -0.061898520      13.957
     27000      27.000    41.398  +0.005340395  -0.067263059  -0.061922664      14.492
     28000      28.000    41.561  +0.005361478  -0.067267596  -0.061906118      15.024
     29000      29.000    42.039  +0.005423071  -0.067332483  -0.061909412      15.561
     30000      30.000    41.907  +0.005406061  -0.067317131  -0.061911070      16.088
     31000      31.000    43.235  +0.005577346  -0.067479800  -0.061902453      16.631
     32000      32.000    41.868  +0.005401065  -0.067314107  -0.061913042      17.163
     33000      33.000    41.107  +0.005302891  -0.067209969  -0.061907078      17.730
     34000      34.000    43.551  +0.005618189  -0.067521300  -0.061903111      18.274
     35000      35.000    40.969  +0.005285075  -0.067207061  -0.061921986      18.831
     36000      36.000    42.382  +0.005467373  -0.067378774  -0.061911401      19.388
     37000      37.000    43.663  +0.005632564  -0.067537016  -0.061904453      19.955
     38000      38.000    43.792  +0.005649294  -0.067571608  -0.061922314      20.498
     39000      39.000    41.409  +0.005341864  -0.067271788  -0.061929924      21.067
     40000      40.000    43.064  +0.005555307  -0.067467361  -0.061912054      21.612
     41000      41.000    44.047  +0.005682190  -0.067581348  -0.061899157      22.229
     42000      42.000    42.529  +0.005486366  -0.067405056  -0.061918690      22.802
     43000      43.000    41.092  +0.005300955  -0.067233544  -0.061932589      23.364
     44000      44.000    44.720  +0.005768904  -0.067683957  -0.061915053      23.913
     45000      45.000    44.481  +0.005738124  -0.067640941  -0.061902817      24.488
     46000      46.000    41.860  +0.005399945  -0.067326273  -0.061926327      25.062
     47000      47.000    41.368  +0.005336566  -0.067250646  -0.061914080      25.616
     48000      48.000    41.835  +0.005396783  -0.067319143  -0.061922360      26.204
     49000      49.000    41.344  +0.005333498  -0.067245585  -0.061912087      26.749
     50000      50.000    42.971  +0.005543375  -0.067449171  -0.061905796      27.306
     51000      51.000    42.176  +0.005440743  -0.067357805  -0.061917062      27.841
     52000      52.000    42.633  +0.005499763  -0.067421455  -0.061921692      28.376
     53000      53.000    40.107  +0.005173931  -0.067091643  -0.061917712      28.927
     54000      54.000    41.235  +0.005319350  -0.067221513  -0.061902164      29.493
     55000      55.000    42.570  +0.005491618  -0.067413324  -0.061921706      30.050
     56000      56.000    43.016  +0.005549165  -0.067469200  -0.061920035      30.588
     57000      57.000    41.636  +0.005371081  -0.067287469  -0.061916388      31.182
     58000      58.000    40.762  +0.005258316  -0.067185957  -0.061927641      31.790
     59000      59.000    43.198  +0.005572599  -0.067478729  -0.061906129      32.427
     60000      60.000    42.369  +0.005465711  -0.067395361  -0.061929650      33.040
     61000      61.000    42.603  +0.005495824  -0.067421510  -0.061925686      33.663
     62000      62.000    44.025  +0.005679300  -0.067610280  -0.061930979      34.271
     63000      63.000    40.927  +0.005279685  -0.067203705  -0.061924021      34.810
     64000      64.000    41.615  +0.005368346  -0.067292713  -0.061924366      35.365
     65000      65.000    40.996  +0.005288559  -0.067211604  -0.061923045      35.959
     66000      66.000    44.149  +0.005695309  -0.067611409  -0.061916099      36.527
     67000      67.000    42.275  +0.005453537  -0.067353086  -0.061899549      37.065
     68000      68.000    42.219  +0.005446340  -0.067353845  -0.061907504      37.595
     69000      69.000    44.188  +0.005700273  -0.067620350  -0.061920077      38.137
     70000      70.000    41.844  +0.005397963  -0.067326300  -0.061928337      38.673
     71000      71.000    42.549  +0.005488931  -0.067424544  -0.061935613      39.210
     72000      72.000    43.308  +0.005586862  -0.067507254  -0.061920392      39.830
     73000      73.000    42.049  +0.005424423  -0.067349776  -0.061925352      40.418
     74000      74.000    44.813  +0.005780903  -0.067684070  -0.061903167      40.955
     75000      75.000    41.243  +0.005320448  -0.067233882  -0.061913434      41.531
     76000      76.000    42.042  +0.005423525  -0.067326693  -0.061903168      42.072
     77000      77.000    43.424  +0.005601719  -0.067526424  -0.061924705      42.607
     78000      78.000    41.485  +0.005351596  -0.067277628  -0.061926032      43.142
     79000      79.000    41.946  +0.005411070  -0.067323543  -0.061912473      43.734
     80000      80.000    41.410  +0.005341915  -0.067271589  -0.061929674      44.323
     81000      81.000    43.583  +0.005622237  -0.067528399  -0.061906161      44.919
     82000      82.000    43.302  +0.005586037  -0.067485914  -0.061899877      45.460
     83000      83.000    42.558  +0.005490039  -0.067397867  -0.061907828      46.027
     84000      84.000    43.794  +0.005649541  -0.067550765  -0.061901224      46.589
     85000      85.000    42.395  +0.005469014  -0.067380821  -0.061911807      47.144
     86000      86.000    42.618  +0.005497793  -0.067412913  -0.061915120      47.696
     87000      87.000    41.607  +0.005367358  -0.067291085  -0.061923726      48.224
     88000      88.000    42.705  +0.005509019  -0.067393362  -0.061884343      48.753
     89000      89.000    42.246  +0.005449800  -0.067357317  -0.061907517      49.280
     90000      90.000    43.293  +0.005584928  -0.067488811  -0.061903883      49.872
     91000      91.000    44.327  +0.005718220  -0.067615811  -0.061897592      50.434
     92000      92.000    43.649  +0.005630791  -0.067534677  -0.061903886      50.978
     93000      93.000    40.150  +0.005179434  -0.067092593  -0.061913159      51.522
     94000      94.000    42.308  +0.005457793  -0.067371262  -0.061913469      52.117
     95000      95.000    44.185  +0.005699996  -0.067596914  -0.061896918      52.706
     96000      96.000    42.601  +0.005495584  -0.067410040  -0.061914456      53.279
     97000      97.000    42.592  +0.005494400  -0.067389325  -0.061894925      53.836
     98000      98.000    43.049  +0.005553402  -0.067488384  -0.061934982      54.407
     99000      99.000    43.143  +0.005565457  -0.067478599  -0.061913142      54.964
    100000     100.000    40.646  +0.005243450  -0.067161549  -0.061918099      55.525
